**** Build of configuration Debug for project guifind ****

make all 
Building file: ../GuiFindApp.cpp
Invoking: GCC C++ Compiler
g++ -D__WXGTK__ -I/usr/include/wx-2.8 -I/usr/lib/wx/include/gtk2-unicode-release-2.8 -O0 -g3 -Wall -c -fmessage-length=0 -MMD -MP -MF"GuiFindApp.d" -MT"GuiFindApp.d" -o"GuiFindApp.o" "../GuiFindApp.cpp"
Finished building: ../GuiFindApp.cpp
 
Building target: guifind
Invoking: GCC C++ Linker
g++ -L/usr/lib -o"guifind"  ./FindThread.o ./GuiFindApp.o ./GuiFindDlg.o   -lwx_gtk2u_core-2.8 -lboost_thread -lwx_gtk2u_adv-2.8 -lwx_gtk2u_aui-2.8
Finished building target: guifind

[onega@localhost guifind]$ cmake -G "Unix Makefiles"
-- Configuring done
-- Generating done
-- Build files have been written to: /home/onega/github/toysrc/mytoybox/guifind
[onega@localhost guifind]$ make
Scanning dependencies of target guifind
[ 16%] Building CXX object CMakeFiles/guifind.dir/CustomEvent.cpp.o
[ 33%] Building CXX object CMakeFiles/guifind.dir/FindThread.cpp.o
[ 50%] Building CXX object CMakeFiles/guifind.dir/GuiFindApp.cpp.o
[ 66%] Building CXX object CMakeFiles/guifind.dir/GuiFindDlg.cpp.o
[ 83%] Building CXX object CMakeFiles/guifind.dir/VerboseDialog.cpp.o
[100%] Linking CXX executable guifind
[100%] Built target guifind

$ cat /cygdrive/c/workspace/boost_1_62_0/project-config.jam
import option ;

using msvc : 14.0 : : <setup>C:/Progra~2/MI1E4E~1/vcbuildtools.bat amd64 ;

option.set keep-going : false ;

C:\Users\onega.zhang>c:\apps\SysinternalsSuite\Listdlls.exe 23936

ListDLLs v3.1 - List loaded DLLs
Copyright (C) 1997-2011 Mark Russinovich
Sysinternals - www.sysinternals.com

------------------------------------------------------------------------------
guifind.exe pid: 23936
Command line: guifind.exe

Base                Size      Path
0x000000003f9e0000  0x10e000  C:\workspace\cdt\guifind\guifind.exe
0x0000000076d50000  0x1a9000  C:\Windows\SYSTEM32\ntdll.dll
0x0000000076b30000  0x120000  C:\Windows\system32\kernel32.dll
0x00000000fcd40000  0x6c000   C:\Windows\system32\KERNELBASE.dll
0x00000000e83e0000  0x288000  C:\workspace\wxWidgets-3.1.0\lib\vc140_x64_dll\wxbase310u_vc140_x64.dll
0x0000000076c50000  0xfa000   C:\Windows\system32\USER32.dll
0x00000000fcfe0000  0x67000   C:\Windows\system32\GDI32.dll
0x00000000feab0000  0xe000    C:\Windows\system32\LPK.dll
0x00000000fedb0000  0xc9000   C:\Windows\system32\USP10.dll
0x00000000fe690000  0x9f000   C:\Windows\system32\msvcrt.dll
0x00000000fd340000  0xd89000  C:\Windows\system32\SHELL32.dll
0x00000000fcf30000  0x71000   C:\Windows\system32\SHLWAPI.dll
0x00000000fd050000  0x203000  C:\Windows\system32\ole32.dll
0x00000000fe170000  0x12d000  C:\Windows\system32\RPCRT4.dll
0x00000000fd260000  0xdb000   C:\Windows\system32\ADVAPI32.dll
0x00000000fe670000  0x1f000   C:\Windows\SYSTEM32\sechost.dll
0x00000000fbc50000  0xc000    C:\Windows\system32\VERSION.dll
0x00000000f9e40000  0x9d000   C:\Windows\system32\MSVCP140.dll
0x00000000fb9f0000  0x17000   C:\Windows\system32\VCRUNTIME140.dll
0x00000000fb270000  0x4000    C:\Windows\system32\api-ms-win-crt-runtime-l1-1-0.dll
0x00000000e8960000  0xf2000   C:\Windows\system32\ucrtbase.DLL
0x00000000fb1d0000  0x3000    C:\Windows\system32\api-ms-win-core-timezone-l1-1-0.dll
0x00000000fb1c0000  0x3000    C:\Windows\system32\api-ms-win-core-file-l2-1-0.dll
0x00000000fb1b0000  0x3000    C:\Windows\system32\api-ms-win-core-localization-l1-2-0.dll
0x00000000f04c0000  0x3000    C:\Windows\system32\api-ms-win-core-synch-l1-2-0.dll
0x00000000fb120000  0x3000    C:\Windows\system32\api-ms-win-core-processthreads-l1-1-1.dll
0x00000000fb110000  0x3000    C:\Windows\system32\api-ms-win-core-file-l1-2-0.dll
0x00000000fb100000  0x4000    C:\Windows\system32\api-ms-win-crt-string-l1-1-0.dll
0x00000000fa450000  0x3000    C:\Windows\system32\api-ms-win-crt-heap-l1-1-0.dll
0x00000000fa440000  0x4000    C:\Windows\system32\api-ms-win-crt-stdio-l1-1-0.dll
0x00000000fa430000  0x4000    C:\Windows\system32\api-ms-win-crt-convert-l1-1-0.dll
0x00000000fa420000  0x3000    C:\Windows\system32\api-ms-win-crt-locale-l1-1-0.dll
0x00000000fa220000  0x5000    C:\Windows\system32\api-ms-win-crt-math-l1-1-0.dll
0x00000000fa210000  0x5000    C:\Windows\system32\api-ms-win-crt-multibyte-l1-1-0.dll
0x00000000fa200000  0x3000    C:\Windows\system32\api-ms-win-crt-time-l1-1-0.dll
0x00000000fa090000  0x3000    C:\Windows\system32\api-ms-win-crt-filesystem-l1-1-0.dll
0x00000000f9fc0000  0x3000    C:\Windows\system32\api-ms-win-crt-environment-l1-1-0.dll
0x00000000f9fb0000  0x3000    C:\Windows\system32\api-ms-win-crt-utility-l1-1-0.dll
0x00000000d0bb0000  0x60f000  C:\workspace\wxWidgets-3.1.0\lib\vc140_x64_dll\wxmsw310u_core_vc140_x64.dll
0x00000000fe2a0000  0x97000   C:\Windows\system32\COMDLG32.dll
0x00000000fb6e0000  0x1f4000  C:\Windows\WinSxS\amd64_microsoft.windows.common-controls_6595b64144ccf1df_6.0.7601.18837_none_fa3b1e3d17594757\COMCTL32.dll
0x00000000fa490000  0x71000   C:\Windows\system32\WINSPOOL.DRV
0x00000000fe730000  0xd7000   C:\Windows\system32\OLEAUT32.dll
0x00000000fa550000  0x7000    C:\Windows\system32\MSIMG32.dll
0x00000000fcfb0000  0x2e000   C:\Windows\system32\IMM32.DLL
0x00000000feaf0000  0x109000  C:\Windows\system32\MSCTF.dll
0x00000000fc9f0000  0xf000    C:\Windows\system32\CRYPTBASE.dll
0x00000000fb4e0000  0x56000   C:\Windows\system32\uxtheme.dll
0x00000000fa560000  0x18000   C:\Windows\system32\dwmapi.dll
